Drill report for /home/nathan/Projects/oggbox/src/sch/oggbox.brd
Created on Sat 03 Aug 2013 11:53:45 BST
Drill report for plated through holes :
T1  0.30mm  0.012"  (131 holes)
T2  0.50mm  0.020"  (144 holes)
T3  0.80mm  0.032"  (4 holes)
T4  0.90mm  0.035"  (11 holes)
T5  1.00mm  0.039"  (1 hole)
T6  1.02mm  0.040"  (10 holes)
T7  1.52mm  0.060"  (1 hole)

Total plated holes count 302


Drill report for buried and blind vias :

Drill report for holes from layer Back to layer Inner1.Cu :

Total plated holes count 0


Drill report for holes from layer Inner1.Cu to layer Inner2.Cu :

Total plated holes count 0


Drill report for holes from layer Inner2.Cu to layer Front :

Total plated holes count 0


Drill report for unplated through holes :

Total unplated holes count 0


