eeschema (2012-jan-04)-testing  >> Creation date: Wed 07 Mar 2012 20:31:27 GMT

#Cmp ( order = Reference )
| C1         0.1u        
| C2         0.1u        
| C3         0.1u        
| C4         0.1u        
| C5         0.1u        
| C6         2.2u        
| C8         2.2u        
| C10        2.2u        
| C12        2.2u        
| P1         CONN_9      
| P2         CONN_9      
| P3         CONN_1      
| P4         CONN_1      
| P5         CONN_4      
| P6         CONN_28     
| P7         CONN_1      
| P8         CONN_1      
| Q1         BSH121      
| R2         1M          
| R4         27          
| R5         27          
#End Cmp

#Cmp ( order = Value )
| 0.1u         C1        
| 0.1u         C2        
| 0.1u         C3        
| 0.1u         C4        
| 0.1u         C5        
| 1M           R2        
| 2.2u         C6        
| 2.2u         C8        
| 2.2u         C10       
| 2.2u         C12       
| 27           R4        
| 27           R5        
| BSH121       Q1        
| CONN_1       P3        
| CONN_1       P4        
| CONN_1       P7        
| CONN_1       P8        
| CONN_28      P6        
| CONN_4       P5        
| CONN_9       P1        
| CONN_9       P2        
#End Cmp

#End List
